<?xml version="1.0" encoding="UTF-8"?>
<!-- Generated by org.testng.reporters.JUnitReportReporter -->
<testsuite hostname="Leonids-MacBook-Air.local" failures="0" tests="2" name="scripts.KijijiCaScripts" time="37.825" errors="0" timestamp="2023-05-30T14:18:11 CDT" skipped="0">
  <testcase classname="scripts.KijijiCaScripts" name="ValidateCarsComSignInPageForm" time="23.524"/>
  <system-out/>
  <testcase classname="scripts.KijijiCaScripts" name="ValidateUserCannotSignInToKijijiCaWithInvalidCredentials" time="14.301"/>
  <system-out/>
</testsuite> <!-- scripts.KijijiCaScripts -->
